Using pre-set license
Built from '2020.2/release' branch; Version is '2020.2.1f1 (270dd8c3da1c) revision 2559448'; Using compiler version '192528614'; Build Type 'Release'
OS: 'Windows 10  (10.0.0) 64bit' Language: 'en' Physical Memory: 16338 MB
BatchMode: 1, IsHumanControllingUs: 0, StartBugReporterOnCrash: 0, Is64bit: 1, IsPro: 0

 COMMAND LINE ARGUMENTS:
C:\Program Files\Unity\Editor\Unity.exe
-adb2
-batchMode
-noUpm
-name
AssetImportWorker0
-projectPath
C:/Users/dell/Desktop/bl3dim games/mountain/WALL
-logFile
Logs/AssetImportWorker0.log
-srvPort
55820
Successfully changed project path to: C:/Users/dell/Desktop/bl3dim games/mountain/WALL
C:/Users/dell/Desktop/bl3dim games/mountain/WALL
Using Asset Import Pipeline V2.
Refreshing native plugins compatible for Editor in 41.97 ms, found 0 plugins.
Preloading 0 native plugins for Editor in 0.00 ms.
Initialize engine version: 2020.2.1f1 (270dd8c3da1c)
[Subsystems] Discovering subsystems at path C:/Program Files/Unity/Editor/Data/Resources/UnitySubsystems
[Subsystems] Discovering subsystems at path C:/Users/dell/Desktop/bl3dim games/mountain/WALL/Assets
GfxDevice: creating device client; threaded=0
Direct3D:
    Version:  Direct3D 11.0 [level 11.0]
    Renderer: NVIDIA Quadro 600 (ID=0xdf8)
    Vendor:   
    VRAM:     979 MB
    Driver:   21.21.13.7783
Initialize mono
Mono path[0] = 'C:/Program Files/Unity/Editor/Data/Managed'
Mono path[1] = 'C:/Program Files/Unity/Editor/Data/MonoBleedingEdge/lib/mono/unityjit'
Mono config path = 'C:/Program Files/Unity/Editor/Data/MonoBleedingEdge/etc'
Using monoOptions --debugger-agent=transport=dt_socket,embedding=1,server=y,suspend=n,address=127.0.0.1:56236
Begin MonoManager ReloadAssembly
Registering precompiled unity dll's ...
Register platform support module: C:/Program Files/Unity/Editor/Data/PlaybackEngines/WindowsStandaloneSupport/UnityEditor.WindowsStandalone.Extensions.dll
Registered in 0.002997 seconds.
Native extension for WindowsStandalone target not found
Refreshing native plugins compatible for Editor in 38.83 ms, found 0 plugins.
Preloading 0 native plugins for Editor in 0.00 ms.
Invoked RoslynAnalysisRunner static constructor.
RoslynAnalysisRunner will not be running.
RoslynAnalysisRunner has terminated.
Mono: successfully reloaded assembly
- Completed reload, in  1.705 seconds
Platform modules already initialized, skipping
Registering precompiled user dll's ...
Registered in 0.001161 seconds.
Begin MonoManager ReloadAssembly
Native extension for WindowsStandalone target not found
Refreshing native plugins compatible for Editor in 0.33 ms, found 0 plugins.
Preloading 0 native plugins for Editor in 0.00 ms.
Invoked RoslynAnalysisRunner static constructor.
RoslynAnalysisRunner will not be running.
RoslynAnalysisRunner has terminated.
Mono: successfully reloaded assembly
- Completed reload, in  1.325 seconds
Platform modules already initialized, skipping
========================================================================
Worker process is ready to serve import requests
Launched and connected shader compiler UnityShaderCompiler.exe after 0.06 seconds
Refreshing native plugins compatible for Editor in 0.32 ms, found 0 plugins.
Preloading 0 native plugins for Editor in 0.00 ms.
Unloading 1460 Unused Serialized files (Serialized files now loaded: 0)
System memory in use before: 71.7 MB.
System memory in use after: 71.8 MB.

Unloading 68 unused Assets to reduce memory usage. Loaded Objects now: 1896.
Total: 2.705400 ms (FindLiveObjects: 0.205000 ms CreateObjectMapping: 0.101100 ms MarkObjects: 2.159200 ms  DeleteObjects: 0.238800 ms)

========================================================================
Received Import Request.
  path: Assets/wall round 1 .fbx
  artifactKey: Guid(6f7281803089eb44ca67aab40a31c214) Importer(815301076,1909f56bfc062723c751e8b465ee728b)
Start importing Assets/wall round 1 .fbx using Guid(6f7281803089eb44ca67aab40a31c214) Importer(815301076,1909f56bfc062723c751e8b465ee728b)  -> (artifact id: '33022459551051a155f5fefb192d0f03') in 0.201422 seconds
  Import took 0.205423 seconds .

========================================================================
Received Import Request.
  Time since last request: 0.000364 seconds.
  path: Assets/wall round 2 .fbx
  artifactKey: Guid(5c2f23b2843faeb418b8108af05ae8c3) Importer(815301076,1909f56bfc062723c751e8b465ee728b)
Start importing Assets/wall round 2 .fbx using Guid(5c2f23b2843faeb418b8108af05ae8c3) Importer(815301076,1909f56bfc062723c751e8b465ee728b)  -> (artifact id: '58f73ce1c2f3c6e77d71b8055642460a') in 0.034121 seconds
  Import took 0.038096 seconds .

========================================================================
Received Import Request.
  Time since last request: 0.000338 seconds.
  path: Assets/p red  round 1.fbx
  artifactKey: Guid(03acc0bb91a893042b16062dfce81fc1) Importer(815301076,1909f56bfc062723c751e8b465ee728b)
Start importing Assets/p red  round 1.fbx using Guid(03acc0bb91a893042b16062dfce81fc1) Importer(815301076,1909f56bfc062723c751e8b465ee728b)  -> (artifact id: '4ad30b384041e16a7b9b337c41c04caf') in 0.028319 seconds
  Import took 0.031720 seconds .

========================================================================
Received Import Request.
  Time since last request: 0.000320 seconds.
  path: Assets/p bleu  round 1.fbx
  artifactKey: Guid(5541d38b429dd3b4992551acfea8080f) Importer(815301076,1909f56bfc062723c751e8b465ee728b)
Start importing Assets/p bleu  round 1.fbx using Guid(5541d38b429dd3b4992551acfea8080f) Importer(815301076,1909f56bfc062723c751e8b465ee728b)  -> (artifact id: '40ec7deba568cd0bc25e88401e929e9e') in 0.033074 seconds
  Import took 0.036246 seconds .

========================================================================
Received Import Request.
  Time since last request: 135.192545 seconds.
  path: Assets/PREFAB
  artifactKey: Guid(303d9c583449b7342aac94aeca9a819d) Importer(815301076,1909f56bfc062723c751e8b465ee728b)
Start importing Assets/PREFAB using Guid(303d9c583449b7342aac94aeca9a819d) Importer(815301076,1909f56bfc062723c751e8b465ee728b)  -> (artifact id: '88f2a959efed9d63eef60604693b2bce') in 0.004654 seconds
  Import took 0.008423 seconds .

========================================================================
Received Import Request.
  Time since last request: 15.189962 seconds.
  path: Assets/PREFAB/wall 1 .prefab
  artifactKey: Guid(1bf8604ce32d47a40b7db3762933a645) Importer(815301076,1909f56bfc062723c751e8b465ee728b)
Start importing Assets/PREFAB/wall 1 .prefab using Guid(1bf8604ce32d47a40b7db3762933a645) Importer(815301076,1909f56bfc062723c751e8b465ee728b)  -> (artifact id: '6460a385ac0d196ca86f2f0110112ab8') in 0.023718 seconds
  Import took 0.028050 seconds .

========================================================================
Received Import Request.
  Time since last request: 0.024058 seconds.
  path: Assets/PREFAB/wall 1 .prefab
  artifactKey: Guid(1bf8604ce32d47a40b7db3762933a645) Importer(815301076,1909f56bfc062723c751e8b465ee728b)
Start importing Assets/PREFAB/wall 1 .prefab using Guid(1bf8604ce32d47a40b7db3762933a645) Importer(815301076,1909f56bfc062723c751e8b465ee728b)  -> (artifact id: '6460a385ac0d196ca86f2f0110112ab8') in 0.025176 seconds
  Import took 0.033298 seconds .

========================================================================
Received Import Request.
  Time since last request: 3.598429 seconds.
  path: Assets/PREFAB/wall 1  (1).prefab
  artifactKey: Guid(1f2b85f9b8777ab4bb0f5128a9e161aa) Importer(815301076,1909f56bfc062723c751e8b465ee728b)
Start importing Assets/PREFAB/wall 1  (1).prefab using Guid(1f2b85f9b8777ab4bb0f5128a9e161aa) Importer(815301076,1909f56bfc062723c751e8b465ee728b)  -> (artifact id: 'b10a4baa8b012c5cf36ebd45203d1ce8') in 0.015032 seconds
  Import took 0.018789 seconds .

========================================================================
Received Import Request.
  Time since last request: 0.014452 seconds.
  path: Assets/PREFAB/wall 1  (1).prefab
  artifactKey: Guid(1f2b85f9b8777ab4bb0f5128a9e161aa) Importer(815301076,1909f56bfc062723c751e8b465ee728b)
Start importing Assets/PREFAB/wall 1  (1).prefab using Guid(1f2b85f9b8777ab4bb0f5128a9e161aa) Importer(815301076,1909f56bfc062723c751e8b465ee728b)  -> (artifact id: 'b10a4baa8b012c5cf36ebd45203d1ce8') in 0.024470 seconds
  Import took 0.028755 seconds .

========================================================================
Received Import Request.
  Time since last request: 2.930589 seconds.
  path: Assets/PREFAB/wall 2 .prefab
  artifactKey: Guid(06c94e5d23509d842bc9891a510554e5) Importer(815301076,1909f56bfc062723c751e8b465ee728b)
Start importing Assets/PREFAB/wall 2 .prefab using Guid(06c94e5d23509d842bc9891a510554e5) Importer(815301076,1909f56bfc062723c751e8b465ee728b)  -> (artifact id: 'ef183ec5c7eff68b541d5d781667cbd7') in 0.038567 seconds
  Import took 0.043963 seconds .

========================================================================
Received Import Request.
  Time since last request: 0.007444 seconds.
  path: Assets/PREFAB/wall 2 .prefab
  artifactKey: Guid(06c94e5d23509d842bc9891a510554e5) Importer(815301076,1909f56bfc062723c751e8b465ee728b)
Start importing Assets/PREFAB/wall 2 .prefab using Guid(06c94e5d23509d842bc9891a510554e5) Importer(815301076,1909f56bfc062723c751e8b465ee728b)  -> (artifact id: 'ef183ec5c7eff68b541d5d781667cbd7') in 0.053644 seconds
  Import took 0.058649 seconds .

========================================================================
Received Import Request.
  Time since last request: 2.859616 seconds.
  path: Assets/PREFAB/wall round 1 .prefab
  artifactKey: Guid(fc9a3aaf0b6718d4baa1b89a79e4d874) Importer(815301076,1909f56bfc062723c751e8b465ee728b)
Start importing Assets/PREFAB/wall round 1 .prefab using Guid(fc9a3aaf0b6718d4baa1b89a79e4d874) Importer(815301076,1909f56bfc062723c751e8b465ee728b)  -> (artifact id: '91cd3ae39d834d51dd9eca731191af78') in 0.029703 seconds
  Import took 0.042725 seconds .

========================================================================
Received Import Request.
  Time since last request: 2.676084 seconds.
  path: Assets/PREFAB/wall round 2 .prefab
  artifactKey: Guid(69cd64693e7bbdc419bfca767dee8ad8) Importer(815301076,1909f56bfc062723c751e8b465ee728b)
Start importing Assets/PREFAB/wall round 2 .prefab using Guid(69cd64693e7bbdc419bfca767dee8ad8) Importer(815301076,1909f56bfc062723c751e8b465ee728b)  -> (artifact id: '3244f041a9d19fcbd91948a95f302605') in 0.041557 seconds
  Import took 0.045532 seconds .

========================================================================
Received Import Request.
  Time since last request: 0.002678 seconds.
  path: Assets/PREFAB/wall round 2 .prefab
  artifactKey: Guid(69cd64693e7bbdc419bfca767dee8ad8) Importer(815301076,1909f56bfc062723c751e8b465ee728b)
Start importing Assets/PREFAB/wall round 2 .prefab using Guid(69cd64693e7bbdc419bfca767dee8ad8) Importer(815301076,1909f56bfc062723c751e8b465ee728b)  -> (artifact id: '3244f041a9d19fcbd91948a95f302605') in 0.063282 seconds
  Import took 0.067202 seconds .

========================================================================
Received Import Request.
  Time since last request: 2.172693 seconds.
  path: Assets/PREFAB/p red  round 1.prefab
  artifactKey: Guid(49e26c46a3caf9844b14b308336d4235) Importer(815301076,1909f56bfc062723c751e8b465ee728b)
Start importing Assets/PREFAB/p red  round 1.prefab using Guid(49e26c46a3caf9844b14b308336d4235) Importer(815301076,1909f56bfc062723c751e8b465ee728b)  -> (artifact id: '614a2ecf846a64e51068c83da23a1676') in 0.014797 seconds
  Import took 0.018607 seconds .

========================================================================
Received Import Request.
  Time since last request: 0.020007 seconds.
  path: Assets/PREFAB/p red  round 1.prefab
  artifactKey: Guid(49e26c46a3caf9844b14b308336d4235) Importer(815301076,1909f56bfc062723c751e8b465ee728b)
Start importing Assets/PREFAB/p red  round 1.prefab using Guid(49e26c46a3caf9844b14b308336d4235) Importer(815301076,1909f56bfc062723c751e8b465ee728b)  -> (artifact id: '614a2ecf846a64e51068c83da23a1676') in 0.030437 seconds
  Import took 0.034459 seconds .

========================================================================
Received Import Request.
  Time since last request: 2.775401 seconds.
  path: Assets/PREFAB/p bleu  round 1.prefab
  artifactKey: Guid(5301cbdf3b537114e8a864f11a2f05ac) Importer(815301076,1909f56bfc062723c751e8b465ee728b)
Start importing Assets/PREFAB/p bleu  round 1.prefab using Guid(5301cbdf3b537114e8a864f11a2f05ac) Importer(815301076,1909f56bfc062723c751e8b465ee728b)  -> (artifact id: '992af36b1d231d3f1c71319427a77d33') in 0.014212 seconds
  Import took 0.020344 seconds .

========================================================================
Received Import Request.
  Time since last request: 98.657337 seconds.
  path: Assets/Scenes
  artifactKey: Guid(43d83298493810d42be9bb9b0acb3c6c) Importer(815301076,1909f56bfc062723c751e8b465ee728b)
Start importing Assets/Scenes using Guid(43d83298493810d42be9bb9b0acb3c6c) Importer(815301076,1909f56bfc062723c751e8b465ee728b)  -> (artifact id: '8e4747b19037f6e602785cc5b42d4d6d') in 0.003832 seconds
  Import took 0.007429 seconds .

========================================================================
Received Import Request.
  Time since last request: 0.033710 seconds.
  path: Assets/Scenes/SampleScene/ReflectionProbe-0.exr
  artifactKey: Guid(ae500dfb661a25248bcd4e232843f4a4) Importer(815301076,1909f56bfc062723c751e8b465ee728b)
Start importing Assets/Scenes/SampleScene/ReflectionProbe-0.exr using Guid(ae500dfb661a25248bcd4e232843f4a4) Importer(815301076,1909f56bfc062723c751e8b465ee728b)  -> (artifact id: '73098cf406732ac6047274392eaee97d') in 0.117562 seconds
  Import took 0.122189 seconds .

========================================================================
Received Import Request.
  Time since last request: 0.004495 seconds.
  path: Assets/Scenes/SampleScene/LightingData.asset
  artifactKey: Guid(bf0f9d8b3eb4bf9478a369bd5f8db3f4) Importer(815301076,1909f56bfc062723c751e8b465ee728b)
Start importing Assets/Scenes/SampleScene/LightingData.asset using Guid(bf0f9d8b3eb4bf9478a369bd5f8db3f4) Importer(815301076,1909f56bfc062723c751e8b465ee728b)  -> (artifact id: '5376ee97ddf55a83d5cc934e7ac871e9') in 0.007974 seconds
  Import took 0.011387 seconds .

========================================================================
Received Import Request.
  Time since last request: 0.017325 seconds.
  path: Assets/Scenes/SampleScene
  artifactKey: Guid(d87dfdecc3c709747911ce95a2f04868) Importer(815301076,1909f56bfc062723c751e8b465ee728b)
Start importing Assets/Scenes/SampleScene using Guid(d87dfdecc3c709747911ce95a2f04868) Importer(815301076,1909f56bfc062723c751e8b465ee728b)  -> (artifact id: 'd487a6dc72aa50d0854fa70d65958e2b') in 0.003392 seconds
  Import took 0.006703 seconds .

========================================================================
Received Import Request.
  Time since last request: 0.003730 seconds.
  path: Assets/Scenes/SampleScene.unity
  artifactKey: Guid(9fc0d4010bbf28b4594072e72b8655ab) Importer(815301076,1909f56bfc062723c751e8b465ee728b)
Start importing Assets/Scenes/SampleScene.unity using Guid(9fc0d4010bbf28b4594072e72b8655ab) Importer(815301076,1909f56bfc062723c751e8b465ee728b)  -> (artifact id: '5dcdf6802430b4876da80325cd564228') in 0.003943 seconds
  Import took 0.007303 seconds .

